<?xml version='1.0' encoding='UTF-8' ?>
<testsuite name="com.example.dogglers.GridListTests" tests="5" failures="0" errors="0" skipped="0" time="5.856" timestamp="2022-07-15T08:28:20" hostname="localhost">
  <properties>
    <property name="device" value="Pixel_5_API_31(AVD) - 12" />
    <property name="flavor" value="" />
    <property name="project" value=":app" />
  </properties>
  <testcase name="recycler_view_item_count" classname="com.example.dogglers.GridListTests" time="0.82" />
  <testcase name="grid_list_content_on_first_page" classname="com.example.dogglers.GridListTests" time="0.439" />
  <testcase name="vertical_scrolling" classname="com.example.dogglers.GridListTests" time="0.613" />
  <testcase name="grid_list_content_at_last_position" classname="com.example.dogglers.GridListTests" time="0.435" />
  <testcase name="grid_list_content_at_first_position" classname="com.example.dogglers.GridListTests" time="0.588" />
</testsuite>