<?xml version='1.0' encoding='UTF-8' ?>
<testsuite name="com.example.dogglers.VerticalListTests" tests="4" failures="0" errors="0" skipped="0" time="4.431" timestamp="2022-06-25T14:20:24" hostname="localhost">
  <properties>
    <property name="device" value="Pixel_5_API_31(AVD) - 12" />
    <property name="flavor" value="" />
    <property name="project" value=":app" />
  </properties>
  <testcase name="recycler_view_item_count" classname="com.example.dogglers.VerticalListTests" time="0.745" />
  <testcase name="vertical_scroll_content_at_last_position" classname="com.example.dogglers.VerticalListTests" time="0.431" />
  <testcase name="vertical_scrolling" classname="com.example.dogglers.VerticalListTests" time="0.706" />
  <testcase name="vertical_scroll_content_at_first_position" classname="com.example.dogglers.VerticalListTests" time="0.582" />
</testsuite>